<?xml version="1.0" encoding="UTF-8"?>
<!-- Generated by org.testng.reporters.JUnitReportReporter -->
<testsuite hostname="LAPTOP-TCM60N00" failures="0" tests="3" name="CheckOutPageOverview" time="16.900" errors="0" timestamp="2025-04-11T09:40:35 PST" skipped="0">
  <testcase classname="CheckOutPageOverview" name="verifyAllRequiredDetailsDisplayed" time="5.869"/>
  <testcase classname="CheckOutPageOverview" name="verifyCancelButtonRedirection" time="5.700"/>
  <testcase classname="CheckOutPageOverview" name="verifyfinishButtonRedirection" time="5.331"/>
</testsuite> <!-- CheckOutPageOverview -->
