<?xml version="1.0" encoding="UTF-8"?>
<!-- Generated by org.testng.reporters.JUnitReportReporter -->
<testsuite hostname="LAPTOP-TCM60N00" failures="0" tests="3" name="CheckOutPageOverview" time="11.046" errors="0" timestamp="2025-04-08T10:36:30 PST" skipped="0">
  <testcase classname="CheckOutPageOverview" name="verifyAllRequiredDetailsDisplayed" time="4.212"/>
  <testcase classname="CheckOutPageOverview" name="verifyCancelButtonRedirection" time="3.469"/>
  <testcase classname="CheckOutPageOverview" name="verifyfinishButtonRedirection" time="3.365"/>
</testsuite> <!-- CheckOutPageOverview -->
