<?xml version="1.0" encoding="UTF-8"?>
<!-- Generated by org.testng.reporters.JUnitReportReporter -->
<testsuite hostname="LAPTOP-TCM60N00" failures="0" tests="8" name="LoginPageVErificaction" time="5.059" errors="0" timestamp="2025-04-03T11:28:04 PST" skipped="0">
  <testcase classname="LoginPageVErificaction" name="verifyEmptyUsernameLogin" time="0.378"/>
  <testcase classname="LoginPageVErificaction" name="verifyLoginPageElements" time="0.196"/>
  <testcase classname="LoginPageVErificaction" name="verifyEmptyPasswordLogin" time="0.469"/>
  <testcase classname="LoginPageVErificaction" name="verifyInvalidPasswordLogin" time="0.566"/>
  <testcase classname="LoginPageVErificaction" name="verifyLockedOutUserLogin" time="2.082"/>
  <testcase classname="LoginPageVErificaction" name="verifyEmptyCredentialsLogin" time="0.337"/>
  <testcase classname="LoginPageVErificaction" name="verifySuccessfulStandardUserLogin" time="0.548"/>
  <testcase classname="LoginPageVErificaction" name="verifyInvalidUsernameLogin" time="0.483"/>
</testsuite> <!-- LoginPageVErificaction -->
