<?xml version="1.0" encoding="UTF-8"?>
<!-- Generated by org.testng.reporters.JUnitReportReporter -->
<testsuite hostname="LAPTOP-TCM60N00" failures="0" tests="8" name="LoginPageVerification" time="34.812" errors="0" timestamp="2025-04-11T09:36:09 PST" skipped="0">
  <testcase classname="LoginPageVerification" name="verifyEmptyFilled" time="4.640"/>
  <testcase classname="LoginPageVerification" name="verifyEmptyPasswordLogin" time="3.861"/>
  <testcase classname="LoginPageVerification" name="verifyEmptyUsernameLogin" time="3.961"/>
  <testcase classname="LoginPageVerification" name="verifyLoginPageElements" time="4.857"/>
  <testcase classname="LoginPageVerification" name="verifyInvalidUsernameLogin" time="4.080"/>
  <testcase classname="LoginPageVerification" name="verifyLockedOutUserLogin" time="4.218"/>
  <testcase classname="LoginPageVerification" name="verifySuccessfulStandardUserLogin" time="4.597"/>
  <testcase classname="LoginPageVerification" name="verifyInvalidPasswordLogin" time="4.598"/>
</testsuite> <!-- LoginPageVerification -->
