<?xml version="1.0" encoding="UTF-8"?>
<!-- Generated by org.testng.reporters.JUnitReportReporter -->
<testsuite hostname="LAPTOP-TCM60N00" failures="0" tests="1" name="ProductDetailPageVerification" time="8.366" errors="0" timestamp="2025-04-11T09:37:57 PST" skipped="0">
  <testcase classname="ProductDetailPageVerification" name="AddToCartDetails" time="8.366"/>
</testsuite> <!-- ProductDetailPageVerification -->
