<?xml version="1.0" encoding="UTF-8"?>
<!-- Generated by org.testng.reporters.JUnitReportReporter -->
<testsuite hostname="LAPTOP-TCM60N00" failures="0" tests="7" name="CartPageVerification" time="44.634" errors="0" timestamp="2025-04-11T09:38:59 PST" skipped="0">
  <testcase classname="CartPageVerification" name="AccesstheCartPage" time="4.547"/>
  <testcase classname="CartPageVerification" name="verifyContinueShoppingFunctionality" time="4.891"/>
  <testcase classname="CartPageVerification" name="verifyCartDetailsDisplayed" time="5.504"/>
  <testcase classname="CartPageVerification" name="verifyAddedProductInCart" time="4.704"/>
  <testcase classname="CartPageVerification" name="verifyRemoveAllItemsFromCart" time="15.089"/>
  <testcase classname="CartPageVerification" name="verifyMultipleProductsInCart" time="5.164"/>
  <testcase classname="CartPageVerification" name="verifyCartProductDetails" time="4.735"/>
</testsuite> <!-- CartPageVerification -->
