<?xml version="1.0" encoding="UTF-8"?>
<!-- Generated by org.testng.reporters.JUnitReportReporter -->
<testsuite hostname="LAPTOP-TCM60N00" failures="0" tests="3" name="CartFunctionalityVerification" time="19.761" errors="0" timestamp="2025-04-11T09:37:31 PST" skipped="0">
  <testcase classname="CartFunctionalityVerification" name="verifyHamburgerMenuAccess" time="5.944"/>
  <testcase classname="CartFunctionalityVerification" name="verifyCartCountMultipleItems" time="7.650"/>
  <testcase classname="CartFunctionalityVerification" name="Cart" time="6.167"/>
</testsuite> <!-- CartFunctionalityVerification -->
