<?xml version="1.0" encoding="UTF-8"?>
<!-- Generated by org.testng.reporters.JUnitReportReporter -->
<testsuite hostname="LAPTOP-TCM60N00" failures="0" tests="9" name="CheckoutProcess" time="46.512" errors="0" timestamp="2025-04-11T09:40:03 PST" skipped="0">
  <testcase classname="CheckoutProcess" name="verifyAllFieldsFilled" time="5.599"/>
  <testcase classname="CheckoutProcess" name="verifyFirstNameBlank" time="5.536"/>
  <testcase classname="CheckoutProcess" name="verifyLastNameBlank" time="4.975"/>
  <testcase classname="CheckoutProcess" name="verifyOnlyLastNameEntered" time="4.840"/>
  <testcase classname="CheckoutProcess" name="verifyOnlyFirstNameEntered" time="5.269"/>
  <testcase classname="CheckoutProcess" name="verifyOnlyZipEntered" time="4.855"/>
  <testcase classname="CheckoutProcess" name="verifyZipBlank" time="5.849"/>
  <testcase classname="CheckoutProcess" name="VerifyCancelButton" time="4.987"/>
  <testcase classname="CheckoutProcess" name="VerifyDisplayYourInfoPage" time="4.602"/>
</testsuite> <!-- CheckoutProcess -->
