<?xml version="1.0" encoding="UTF-8"?>
<!-- Generated by org.testng.reporters.JUnitReportReporter -->
<testsuite hostname="LAPTOP-TCM60N00" failures="0" tests="9" name="CheckoutProcess" time="21.677" errors="0" timestamp="2025-04-08T00:08:39 PST" skipped="0">
  <testcase classname="CheckoutProcess" name="verifyOnlyZipEntered" time="2.247"/>
  <testcase classname="CheckoutProcess" name="verifyAllFieldsFilled" time="3.436"/>
  <testcase classname="CheckoutProcess" name="verifyLastNameBlank" time="1.706"/>
  <testcase classname="CheckoutProcess" name="verifyOnlyLastNameEntered" time="2.382"/>
  <testcase classname="CheckoutProcess" name="verifyZipBlank" time="2.158"/>
  <testcase classname="CheckoutProcess" name="verifyFirstNameBlank" time="2.429"/>
  <testcase classname="CheckoutProcess" name="VerifyCancelButton" time="2.117"/>
  <testcase classname="CheckoutProcess" name="VerifyDisplayYourInfoPage" time="2.510"/>
  <testcase classname="CheckoutProcess" name="verifyOnlyFirstNameEntered" time="2.692"/>
</testsuite> <!-- CheckoutProcess -->
