<?xml version="1.0" encoding="UTF-8"?>
<!-- Generated by org.testng.reporters.JUnitReportReporter -->
<testsuite hostname="LAPTOP-TCM60N00" failures="0" tests="3" name="CartFunctionalityVerification" time="24.188" errors="0" timestamp="2025-04-04T14:44:27 PST" skipped="0">
  <testcase classname="CartFunctionalityVerification" name="verifyHamburgerMenuAccess" time="7.790"/>
  <testcase classname="CartFunctionalityVerification" name="Cart" time="7.670"/>
  <testcase classname="CartFunctionalityVerification" name="verifyCartCountMultipleItems" time="8.728"/>
</testsuite> <!-- CartFunctionalityVerification -->
