<?xml version="1.0" encoding="UTF-8"?>
<!-- Generated by org.testng.reporters.JUnitReportReporter -->
<testsuite hostname="LAPTOP-TCM60N00" failures="0" tests="2" name="CompleteOrder" time="10.572" errors="0" timestamp="2025-04-11T09:41:47 PST" skipped="0">
  <testcase classname="CompleteOrder" name="verifyBackHomeRedirectsToInventoryPage" time="5.226"/>
  <testcase classname="CompleteOrder" name="verifyThankYouMessageAndBackHomeDisplayed" time="5.346"/>
</testsuite> <!-- CompleteOrder -->
