<?xml version="1.0" encoding="UTF-8"?>
<!-- Generated by org.testng.reporters.JUnitReportReporter -->
<testsuite hostname="LAPTOP-TCM60N00" failures="0" tests="6" name="ProductListingPageVerification" time="29.774" errors="0" timestamp="2025-04-11T09:36:54 PST" skipped="0">
  <testcase classname="ProductListingPageVerification" name="verifySortingByPriceHighToLow" time="4.248"/>
  <testcase classname="ProductListingPageVerification" name="verifySortingByNameDesc" time="4.904"/>
  <testcase classname="ProductListingPageVerification" name="verifyProductSortingByPriceLowToHigh" time="4.817"/>
  <testcase classname="ProductListingPageVerification" name="AddtoCart" time="6.307"/>
  <testcase classname="ProductListingPageVerification" name="verifySortingByNameAsc" time="4.619"/>
  <testcase classname="ProductListingPageVerification" name="verifyAllElementsDisplayed" time="4.879"/>
</testsuite> <!-- ProductListingPageVerification -->
